0 info it worked if it ends with ok
1 verbose cli [ '/usr/local/bin/node', '/usr/local/bin/npm', 'start' ]
2 info using npm@4.0.5
3 info using node@v6.9.2
4 verbose run-script [ 'prestart', 'start', 'poststart' ]
5 info lifecycle section-4-express-passport-mongo@0.0.0~prestart: section-4-express-passport-mongo@0.0.0
6 silly lifecycle section-4-express-passport-mongo@0.0.0~prestart: no script for prestart, continuing
7 info lifecycle section-4-express-passport-mongo@0.0.0~start: section-4-express-passport-mongo@0.0.0
8 verbose lifecycle section-4-express-passport-mongo@0.0.0~start: unsafe-perm in lifecycle true
9 verbose lifecycle section-4-express-passport-mongo@0.0.0~start: PATH: /usr/local/lib/node_modules/npm/bin/node-gyp-bin:/Users/bryankahler/Dev/UdemyTutorial/Node10Apps/section-4_express_passport_mongo/node_modules/.bin:/Users/bryankahler/.rvm/gems/ruby-2.3.0/bin:/Users/bryankahler/.rvm/gems/ruby-2.3.0@global/bin:/Users/bryankahler/.rvm/rubies/ruby-2.3.0/bin:/Users/bryankahler/.npm-global/bin:/home/me/.rvm/gems/ruby-2.1.5/bin:/home/me/.rvm/gems/ruby-2.1.5@global/bin:/home/me/.rvm/rubies/ruby-2.1.5/bin:/home/me/bin:/usr/local/sbin:/usr/local/bin:/usr/sbin:/usr/bin:/sbin:/bin:/usr/games:/usr/local/games:/usr/local/heroku/bin:/home/me/.local/bin:/home/me/.rvm/bin::/Users/bryankahler/.rvm/gems/ruby-2.2.1/bin:/Users/bryankahler/.rvm/gems/ruby-2.2.1@global/bin:/Users/bryankahler/.rvm/rubies/ruby-2.2.1/bin:/usr/local/bin:/usr/bin:/bin:/usr/sbin:/sbin:/Users/bryankahler/.rvm/bin:/Applications/Postgres.app/Contents/Versions/latest/bin
10 verbose lifecycle section-4-express-passport-mongo@0.0.0~start: CWD: /Users/bryankahler/Dev/UdemyTutorial/Node10Apps/section-4_express_passport_mongo
11 silly lifecycle section-4-express-passport-mongo@0.0.0~start: Args: [ '-c', 'node ./bin/www' ]
12 silly lifecycle section-4-express-passport-mongo@0.0.0~start: Returned: code: 1  signal: null
13 info lifecycle section-4-express-passport-mongo@0.0.0~start: Failed to exec start script
14 verbose stack Error: section-4-express-passport-mongo@0.0.0 start: `node ./bin/www`
14 verbose stack Exit status 1
14 verbose stack     at EventEmitter.<anonymous> (/usr/local/lib/node_modules/npm/lib/utils/lifecycle.js:279:16)
14 verbose stack     at emitTwo (events.js:106:13)
14 verbose stack     at EventEmitter.emit (events.js:191:7)
14 verbose stack     at ChildProcess.<anonymous> (/usr/local/lib/node_modules/npm/lib/utils/spawn.js:40:14)
14 verbose stack     at emitTwo (events.js:106:13)
14 verbose stack     at ChildProcess.emit (events.js:191:7)
14 verbose stack     at maybeClose (internal/child_process.js:877:16)
14 verbose stack     at Process.ChildProcess._handle.onexit (internal/child_process.js:226:5)
15 verbose pkgid section-4-express-passport-mongo@0.0.0
16 verbose cwd /Users/bryankahler/Dev/UdemyTutorial/Node10Apps/section-4_express_passport_mongo
17 error Darwin 14.5.0
18 error argv "/usr/local/bin/node" "/usr/local/bin/npm" "start"
19 error node v6.9.2
20 error npm  v4.0.5
21 error code ELIFECYCLE
22 error section-4-express-passport-mongo@0.0.0 start: `node ./bin/www`
22 error Exit status 1
23 error Failed at the section-4-express-passport-mongo@0.0.0 start script 'node ./bin/www'.
23 error Make sure you have the latest version of node.js and npm installed.
23 error If you do, this is most likely a problem with the section-4-express-passport-mongo package,
23 error not with npm itself.
23 error Tell the author that this fails on your system:
23 error     node ./bin/www
23 error You can get information on how to open an issue for this project with:
23 error     npm bugs section-4-express-passport-mongo
23 error Or if that isn't available, you can get their info via:
23 error     npm owner ls section-4-express-passport-mongo
23 error There is likely additional logging output above.
24 verbose exit [ 1, true ]
